{"C:\\RUIHUA\\npm\\0hook\\src\\useBoolean\\index.ts": {"path":"C:\\RUIHUA\\npm\\0hook\\src\\useBoolean\\index.ts","all":false,"statementMap":{"0":{"start":{"line":1,"column":0},"end":{"line":1,"column":46}},"1":{"start":{"line":2,"column":0},"end":{"line":2,"column":38}},"2":{"start":{"line":3,"column":0},"end":{"line":3,"column":0}},"3":{"start":{"line":4,"column":0},"end":{"line":4,"column":3}},"4":{"start":{"line":5,"column":0},"end":{"line":5,"column":20}},"5":{"start":{"line":6,"column":0},"end":{"line":6,"column":21}},"6":{"start":{"line":7,"column":0},"end":{"line":7,"column":37}},"7":{"start":{"line":8,"column":0},"end":{"line":8,"column":31}},"8":{"start":{"line":9,"column":0},"end":{"line":9,"column":3}},"9":{"start":{"line":10,"column":0},"end":{"line":10,"column":96}},"10":{"start":{"line":11,"column":0},"end":{"line":11,"column":58}},"11":{"start":{"line":12,"column":0},"end":{"line":12,"column":0}},"12":{"start":{"line":13,"column":0},"end":{"line":13,"column":9}},"13":{"start":{"line":14,"column":0},"end":{"line":14,"column":8}},"14":{"start":{"line":15,"column":0},"end":{"line":15,"column":82}},"15":{"start":{"line":16,"column":0},"end":{"line":16,"column":11}},"16":{"start":{"line":17,"column":0},"end":{"line":17,"column":1}}},"s":{"0":1,"1":1,"2":1,"3":1,"4":1,"5":1,"6":1,"7":1,"8":1,"9":4,"10":4,"11":4,"12":4,"13":4,"14":4,"15":4,"16":4},"branchMap":{"0":{"type":"branch","line":10,"loc":{"start":{"line":10,"column":0},"end":{"line":17,"column":1}},"locations":[{"start":{"line":10,"column":0},"end":{"line":17,"column":1}}]},"1":{"type":"branch","line":15,"loc":{"start":{"line":15,"column":14},"end":{"line":15,"column":77}},"locations":[{"start":{"line":15,"column":14},"end":{"line":15,"column":77}}]},"2":{"type":"branch","line":15,"loc":{"start":{"line":15,"column":34},"end":{"line":15,"column":76}},"locations":[{"start":{"line":15,"column":34},"end":{"line":15,"column":76}}]},"3":{"type":"branch","line":15,"loc":{"start":{"line":15,"column":60},"end":{"line":15,"column":67}},"locations":[{"start":{"line":15,"column":60},"end":{"line":15,"column":67}}]},"4":{"type":"branch","line":15,"loc":{"start":{"line":15,"column":68},"end":{"line":15,"column":76}},"locations":[{"start":{"line":15,"column":68},"end":{"line":15,"column":76}}]}},"b":{"0":[4],"1":[3],"2":[3],"3":[1],"4":[2]},"fnMap":{"0":{"name":"useBoolean","decl":{"start":{"line":10,"column":0},"end":{"line":17,"column":1}},"loc":{"start":{"line":10,"column":0},"end":{"line":17,"column":1}},"line":10}},"f":{"0":4}}
,"C:\\RUIHUA\\npm\\0hook\\src\\useCount\\index.ts": {"path":"C:\\RUIHUA\\npm\\0hook\\src\\useCount\\index.ts","all":false,"statementMap":{"0":{"start":{"line":1,"column":0},"end":{"line":1,"column":32}},"1":{"start":{"line":2,"column":0},"end":{"line":2,"column":45}},"2":{"start":{"line":3,"column":0},"end":{"line":3,"column":0}},"3":{"start":{"line":4,"column":0},"end":{"line":4,"column":23}},"4":{"start":{"line":5,"column":0},"end":{"line":5,"column":4}},"5":{"start":{"line":6,"column":0},"end":{"line":6,"column":14}},"6":{"start":{"line":7,"column":0},"end":{"line":7,"column":4}},"7":{"start":{"line":8,"column":0},"end":{"line":8,"column":14}},"8":{"start":{"line":9,"column":0},"end":{"line":9,"column":13}},"9":{"start":{"line":10,"column":0},"end":{"line":10,"column":1}},"10":{"start":{"line":11,"column":0},"end":{"line":11,"column":0}},"11":{"start":{"line":12,"column":0},"end":{"line":12,"column":61}},"12":{"start":{"line":13,"column":0},"end":{"line":13,"column":45}},"13":{"start":{"line":14,"column":0},"end":{"line":14,"column":18}},"14":{"start":{"line":15,"column":0},"end":{"line":15,"column":21}},"15":{"start":{"line":16,"column":0},"end":{"line":16,"column":32}},"16":{"start":{"line":17,"column":0},"end":{"line":17,"column":2}},"17":{"start":{"line":18,"column":0},"end":{"line":18,"column":21}},"18":{"start":{"line":19,"column":0},"end":{"line":19,"column":32}},"19":{"start":{"line":20,"column":0},"end":{"line":20,"column":2}},"20":{"start":{"line":21,"column":0},"end":{"line":21,"column":15}},"21":{"start":{"line":22,"column":0},"end":{"line":22,"column":1}},"22":{"start":{"line":23,"column":0},"end":{"line":23,"column":0}},"23":{"start":{"line":24,"column":0},"end":{"line":24,"column":3}},"24":{"start":{"line":25,"column":0},"end":{"line":25,"column":19}},"25":{"start":{"line":26,"column":0},"end":{"line":26,"column":18}},"26":{"start":{"line":27,"column":0},"end":{"line":27,"column":33}},"27":{"start":{"line":28,"column":0},"end":{"line":28,"column":43}},"28":{"start":{"line":29,"column":0},"end":{"line":29,"column":43}},"29":{"start":{"line":30,"column":0},"end":{"line":30,"column":3}},"30":{"start":{"line":31,"column":0},"end":{"line":31,"column":65}},"31":{"start":{"line":32,"column":0},"end":{"line":32,"column":48}},"32":{"start":{"line":33,"column":0},"end":{"line":33,"column":0}},"33":{"start":{"line":34,"column":0},"end":{"line":34,"column":86}},"34":{"start":{"line":35,"column":0},"end":{"line":35,"column":0}},"35":{"start":{"line":36,"column":0},"end":{"line":36,"column":38}},"36":{"start":{"line":37,"column":0},"end":{"line":37,"column":23}},"37":{"start":{"line":38,"column":0},"end":{"line":38,"column":52}},"38":{"start":{"line":39,"column":0},"end":{"line":39,"column":45}},"39":{"start":{"line":40,"column":0},"end":{"line":40,"column":10}},"40":{"start":{"line":41,"column":0},"end":{"line":41,"column":3}},"41":{"start":{"line":42,"column":0},"end":{"line":42,"column":46}},"42":{"start":{"line":43,"column":0},"end":{"line":43,"column":9}},"43":{"start":{"line":44,"column":0},"end":{"line":44,"column":2}},"44":{"start":{"line":45,"column":0},"end":{"line":45,"column":0}},"45":{"start":{"line":46,"column":0},"end":{"line":46,"column":34}},"46":{"start":{"line":47,"column":0},"end":{"line":47,"column":1}}},"s":{"0":1,"1":1,"2":1,"3":1,"4":1,"5":1,"6":1,"7":1,"8":1,"9":1,"10":1,"11":22,"12":22,"13":22,"14":22,"15":22,"16":22,"17":22,"18":22,"19":22,"20":22,"21":22,"22":1,"23":1,"24":1,"25":1,"26":1,"27":1,"28":1,"29":1,"30":13,"31":13,"32":13,"33":13,"34":13,"35":13,"36":9,"37":6,"38":6,"39":6,"40":6,"41":3,"42":3,"43":3,"44":13,"45":13,"46":13},"branchMap":{"0":{"type":"branch","line":12,"loc":{"start":{"line":12,"column":0},"end":{"line":22,"column":1}},"locations":[{"start":{"line":12,"column":0},"end":{"line":22,"column":1}}]},"1":{"type":"branch","line":31,"loc":{"start":{"line":31,"column":0},"end":{"line":47,"column":1}},"locations":[{"start":{"line":31,"column":0},"end":{"line":47,"column":1}}]},"2":{"type":"branch","line":36,"loc":{"start":{"line":36,"column":18},"end":{"line":44,"column":2}},"locations":[{"start":{"line":36,"column":18},"end":{"line":44,"column":2}}]},"3":{"type":"branch","line":37,"loc":{"start":{"line":37,"column":22},"end":{"line":41,"column":3}},"locations":[{"start":{"line":37,"column":22},"end":{"line":41,"column":3}}]},"4":{"type":"branch","line":42,"loc":{"start":{"line":42,"column":-2},"end":{"line":44,"column":2}},"locations":[{"start":{"line":42,"column":-2},"end":{"line":44,"column":2}}]}},"b":{"0":[22],"1":[13],"2":[9],"3":[6],"4":[3]},"fnMap":{"0":{"name":"getTargetValue","decl":{"start":{"line":12,"column":0},"end":{"line":22,"column":1}},"loc":{"start":{"line":12,"column":0},"end":{"line":22,"column":1}},"line":12},"1":{"name":"useCount","decl":{"start":{"line":31,"column":0},"end":{"line":47,"column":1}},"loc":{"start":{"line":31,"column":0},"end":{"line":47,"column":1}},"line":31},"2":{"name":"setState","decl":{"start":{"line":36,"column":18},"end":{"line":44,"column":2}},"loc":{"start":{"line":36,"column":18},"end":{"line":44,"column":2}},"line":36}},"f":{"0":22,"1":13,"2":9}}
,"C:\\RUIHUA\\npm\\0hook\\src\\useObject\\index.ts": {"path":"C:\\RUIHUA\\npm\\0hook\\src\\useObject\\index.ts","all":false,"statementMap":{"0":{"start":{"line":1,"column":0},"end":{"line":1,"column":32}},"1":{"start":{"line":2,"column":0},"end":{"line":2,"column":45}},"2":{"start":{"line":3,"column":0},"end":{"line":3,"column":0}},"3":{"start":{"line":4,"column":0},"end":{"line":4,"column":81}},"4":{"start":{"line":5,"column":0},"end":{"line":5,"column":0}},"5":{"start":{"line":6,"column":0},"end":{"line":6,"column":65}},"6":{"start":{"line":7,"column":0},"end":{"line":7,"column":4}},"7":{"start":{"line":8,"column":0},"end":{"line":8,"column":26}},"8":{"start":{"line":9,"column":0},"end":{"line":9,"column":26}},"9":{"start":{"line":10,"column":0},"end":{"line":10,"column":4}},"10":{"start":{"line":11,"column":0},"end":{"line":11,"column":45}},"11":{"start":{"line":12,"column":0},"end":{"line":12,"column":4}},"12":{"start":{"line":13,"column":0},"end":{"line":13,"column":20}},"13":{"start":{"line":14,"column":0},"end":{"line":14,"column":27}},"14":{"start":{"line":15,"column":0},"end":{"line":15,"column":30}},"15":{"start":{"line":16,"column":0},"end":{"line":16,"column":50}},"16":{"start":{"line":17,"column":0},"end":{"line":17,"column":4}},"17":{"start":{"line":18,"column":0},"end":{"line":18,"column":96}},"18":{"start":{"line":19,"column":0},"end":{"line":19,"column":4}},"19":{"start":{"line":20,"column":0},"end":{"line":20,"column":21}},"20":{"start":{"line":21,"column":0},"end":{"line":21,"column":29}},"21":{"start":{"line":22,"column":0},"end":{"line":22,"column":4}},"22":{"start":{"line":23,"column":0},"end":{"line":23,"column":45}},"23":{"start":{"line":24,"column":0},"end":{"line":24,"column":4}},"24":{"start":{"line":25,"column":0},"end":{"line":25,"column":19}},"25":{"start":{"line":26,"column":0},"end":{"line":26,"column":50}},"26":{"start":{"line":27,"column":0},"end":{"line":27,"column":4}},"27":{"start":{"line":28,"column":0},"end":{"line":28,"column":33}},"28":{"start":{"line":29,"column":0},"end":{"line":29,"column":1}},"29":{"start":{"line":30,"column":0},"end":{"line":30,"column":0}},"30":{"start":{"line":31,"column":0},"end":{"line":31,"column":3}},"31":{"start":{"line":32,"column":0},"end":{"line":32,"column":27}},"32":{"start":{"line":33,"column":0},"end":{"line":33,"column":22}},"33":{"start":{"line":34,"column":0},"end":{"line":34,"column":32}},"34":{"start":{"line":35,"column":0},"end":{"line":35,"column":37}},"35":{"start":{"line":36,"column":0},"end":{"line":36,"column":3}},"36":{"start":{"line":37,"column":0},"end":{"line":37,"column":152}},"37":{"start":{"line":38,"column":0},"end":{"line":38,"column":0}},"38":{"start":{"line":39,"column":0},"end":{"line":39,"column":68}},"39":{"start":{"line":40,"column":0},"end":{"line":40,"column":0}},"40":{"start":{"line":41,"column":0},"end":{"line":41,"column":77}},"41":{"start":{"line":42,"column":0},"end":{"line":42,"column":0}},"42":{"start":{"line":43,"column":0},"end":{"line":43,"column":49}},"43":{"start":{"line":44,"column":0},"end":{"line":44,"column":45}},"44":{"start":{"line":45,"column":0},"end":{"line":45,"column":2}},"45":{"start":{"line":46,"column":0},"end":{"line":46,"column":0}},"46":{"start":{"line":47,"column":0},"end":{"line":47,"column":98}},"47":{"start":{"line":48,"column":0},"end":{"line":48,"column":49}},"48":{"start":{"line":49,"column":0},"end":{"line":49,"column":32}},"49":{"start":{"line":50,"column":0},"end":{"line":50,"column":24}},"50":{"start":{"line":51,"column":0},"end":{"line":51,"column":21}},"51":{"start":{"line":52,"column":0},"end":{"line":52,"column":2}},"52":{"start":{"line":53,"column":0},"end":{"line":53,"column":0}},"53":{"start":{"line":54,"column":0},"end":{"line":54,"column":49}},"54":{"start":{"line":55,"column":0},"end":{"line":55,"column":65}},"55":{"start":{"line":56,"column":0},"end":{"line":56,"column":33}},"56":{"start":{"line":57,"column":0},"end":{"line":57,"column":24}},"57":{"start":{"line":58,"column":0},"end":{"line":58,"column":22}},"58":{"start":{"line":59,"column":0},"end":{"line":59,"column":3}},"59":{"start":{"line":60,"column":0},"end":{"line":60,"column":2}},"60":{"start":{"line":61,"column":0},"end":{"line":61,"column":0}},"61":{"start":{"line":62,"column":0},"end":{"line":62,"column":35}},"62":{"start":{"line":63,"column":0},"end":{"line":63,"column":56}},"63":{"start":{"line":64,"column":0},"end":{"line":64,"column":29}},"64":{"start":{"line":65,"column":0},"end":{"line":65,"column":2}},"65":{"start":{"line":66,"column":0},"end":{"line":66,"column":0}},"66":{"start":{"line":67,"column":0},"end":{"line":67,"column":15}},"67":{"start":{"line":68,"column":0},"end":{"line":68,"column":3}},"68":{"start":{"line":69,"column":0},"end":{"line":69,"column":7}},"69":{"start":{"line":70,"column":0},"end":{"line":70,"column":10}},"70":{"start":{"line":71,"column":0},"end":{"line":71,"column":9}},"71":{"start":{"line":72,"column":0},"end":{"line":72,"column":12}},"72":{"start":{"line":73,"column":0},"end":{"line":73,"column":3}},"73":{"start":{"line":74,"column":0},"end":{"line":74,"column":11}},"74":{"start":{"line":75,"column":0},"end":{"line":75,"column":1}}},"s":{"0":1,"1":1,"2":1,"3":1,"4":1,"5":1,"6":1,"7":1,"8":1,"9":1,"10":1,"11":1,"12":1,"13":1,"14":1,"15":1,"16":1,"17":1,"18":1,"19":1,"20":1,"21":1,"22":1,"23":1,"24":1,"25":1,"26":1,"27":1,"28":1,"29":1,"30":1,"31":1,"32":1,"33":1,"34":1,"35":1,"36":12,"37":12,"38":12,"39":12,"40":12,"41":12,"42":12,"43":1,"44":1,"45":12,"46":12,"47":5,"48":4,"49":4,"50":4,"51":4,"52":12,"53":12,"54":1,"55":1,"56":1,"57":1,"58":1,"59":1,"60":12,"61":12,"62":3,"63":2,"64":2,"65":12,"66":12,"67":12,"68":12,"69":12,"70":12,"71":12,"72":12,"73":12,"74":12},"branchMap":{"0":{"type":"branch","line":37,"loc":{"start":{"line":37,"column":0},"end":{"line":75,"column":1}},"locations":[{"start":{"line":37,"column":0},"end":{"line":75,"column":1}}]},"1":{"type":"branch","line":39,"loc":{"start":{"line":39,"column":25},"end":{"line":39,"column":68}},"locations":[{"start":{"line":39,"column":25},"end":{"line":39,"column":68}}]},"2":{"type":"branch","line":39,"loc":{"start":{"line":39,"column":43},"end":{"line":39,"column":68}},"locations":[{"start":{"line":39,"column":43},"end":{"line":39,"column":68}}]},"3":{"type":"branch","line":41,"loc":{"start":{"line":41,"column":53},"end":{"line":41,"column":76}},"locations":[{"start":{"line":41,"column":53},"end":{"line":41,"column":76}}]},"4":{"type":"branch","line":43,"loc":{"start":{"line":43,"column":19},"end":{"line":45,"column":2}},"locations":[{"start":{"line":43,"column":19},"end":{"line":45,"column":2}}]},"5":{"type":"branch","line":47,"loc":{"start":{"line":47,"column":13},"end":{"line":52,"column":2}},"locations":[{"start":{"line":47,"column":13},"end":{"line":52,"column":2}}]},"6":{"type":"branch","line":48,"loc":{"start":{"line":48,"column":12},"end":{"line":48,"column":40}},"locations":[{"start":{"line":48,"column":12},"end":{"line":48,"column":40}}]},"7":{"type":"branch","line":48,"loc":{"start":{"line":48,"column":42},"end":{"line":48,"column":49}},"locations":[{"start":{"line":48,"column":42},"end":{"line":48,"column":49}}]},"8":{"type":"branch","line":49,"loc":{"start":{"line":49,"column":-2},"end":{"line":52,"column":2}},"locations":[{"start":{"line":49,"column":-2},"end":{"line":52,"column":2}}]},"9":{"type":"branch","line":54,"loc":{"start":{"line":54,"column":16},"end":{"line":60,"column":2}},"locations":[{"start":{"line":54,"column":16},"end":{"line":60,"column":2}}]},"10":{"type":"branch","line":62,"loc":{"start":{"line":62,"column":15},"end":{"line":65,"column":2}},"locations":[{"start":{"line":62,"column":15},"end":{"line":65,"column":2}}]},"11":{"type":"branch","line":63,"loc":{"start":{"line":63,"column":12},"end":{"line":63,"column":47}},"locations":[{"start":{"line":63,"column":12},"end":{"line":63,"column":47}}]},"12":{"type":"branch","line":63,"loc":{"start":{"line":63,"column":49},"end":{"line":63,"column":56}},"locations":[{"start":{"line":63,"column":49},"end":{"line":63,"column":56}}]},"13":{"type":"branch","line":64,"loc":{"start":{"line":64,"column":-2},"end":{"line":65,"column":2}},"locations":[{"start":{"line":64,"column":-2},"end":{"line":65,"column":2}}]}},"b":{"0":[12],"1":[8],"2":[1],"3":[4],"4":[1],"5":[5],"6":[4],"7":[1],"8":[4],"9":[1],"10":[3],"11":[2],"12":[1],"13":[2]},"fnMap":{"0":{"name":"useObject","decl":{"start":{"line":37,"column":0},"end":{"line":75,"column":1}},"loc":{"start":{"line":37,"column":0},"end":{"line":75,"column":1}},"line":37},"1":{"name":"getInitialValue","decl":{"start":{"line":39,"column":25},"end":{"line":39,"column":68}},"loc":{"start":{"line":39,"column":25},"end":{"line":39,"column":68}},"line":39},"2":{"name":"setObject","decl":{"start":{"line":43,"column":19},"end":{"line":45,"column":2}},"loc":{"start":{"line":43,"column":19},"end":{"line":45,"column":2}},"line":43},"3":{"name":"set","decl":{"start":{"line":47,"column":13},"end":{"line":52,"column":2}},"loc":{"start":{"line":47,"column":13},"end":{"line":52,"column":2}},"line":47},"4":{"name":"remove","decl":{"start":{"line":54,"column":16},"end":{"line":60,"column":2}},"loc":{"start":{"line":54,"column":16},"end":{"line":60,"column":2}},"line":54},"5":{"name":"reset","decl":{"start":{"line":62,"column":15},"end":{"line":65,"column":2}},"loc":{"start":{"line":62,"column":15},"end":{"line":65,"column":2}},"line":62}},"f":{"0":12,"1":8,"2":1,"3":5,"4":1,"5":3}}
,"C:\\RUIHUA\\npm\\0hook\\src\\useSetState\\index.tsx": {"path":"C:\\RUIHUA\\npm\\0hook\\src\\useSetState\\index.tsx","all":false,"statementMap":{"0":{"start":{"line":1,"column":0},"end":{"line":1,"column":32}},"1":{"start":{"line":2,"column":0},"end":{"line":2,"column":38}},"2":{"start":{"line":3,"column":0},"end":{"line":3,"column":61}},"3":{"start":{"line":4,"column":0},"end":{"line":4,"column":0}},"4":{"start":{"line":5,"column":0},"end":{"line":5,"column":3}},"5":{"start":{"line":6,"column":0},"end":{"line":6,"column":24}},"6":{"start":{"line":7,"column":0},"end":{"line":7,"column":31}},"7":{"start":{"line":8,"column":0},"end":{"line":8,"column":24}},"8":{"start":{"line":9,"column":0},"end":{"line":9,"column":29}},"9":{"start":{"line":10,"column":0},"end":{"line":10,"column":33}},"10":{"start":{"line":11,"column":0},"end":{"line":11,"column":3}},"11":{"start":{"line":12,"column":0},"end":{"line":12,"column":58}},"12":{"start":{"line":13,"column":0},"end":{"line":13,"column":12}},"13":{"start":{"line":14,"column":0},"end":{"line":14,"column":88}},"14":{"start":{"line":15,"column":0},"end":{"line":15,"column":39}},"15":{"start":{"line":16,"column":0},"end":{"line":16,"column":1}},"16":{"start":{"line":17,"column":0},"end":{"line":17,"column":0}},"17":{"start":{"line":18,"column":0},"end":{"line":18,"column":3}},"18":{"start":{"line":19,"column":0},"end":{"line":19,"column":25}},"19":{"start":{"line":20,"column":0},"end":{"line":20,"column":31}},"20":{"start":{"line":21,"column":0},"end":{"line":21,"column":30}},"21":{"start":{"line":22,"column":0},"end":{"line":22,"column":25}},"22":{"start":{"line":23,"column":0},"end":{"line":23,"column":3}},"23":{"start":{"line":24,"column":0},"end":{"line":24,"column":76}},"24":{"start":{"line":25,"column":0},"end":{"line":25,"column":19}},"25":{"start":{"line":26,"column":0},"end":{"line":26,"column":0}},"26":{"start":{"line":27,"column":0},"end":{"line":27,"column":61}},"27":{"start":{"line":28,"column":0},"end":{"line":28,"column":9}},"28":{"start":{"line":29,"column":0},"end":{"line":29,"column":8}},"29":{"start":{"line":30,"column":0},"end":{"line":30,"column":89}},"30":{"start":{"line":31,"column":0},"end":{"line":31,"column":84}},"31":{"start":{"line":32,"column":0},"end":{"line":32,"column":15}},"32":{"start":{"line":33,"column":0},"end":{"line":33,"column":24}},"33":{"start":{"line":34,"column":0},"end":{"line":34,"column":11}},"34":{"start":{"line":35,"column":0},"end":{"line":35,"column":41}},"35":{"start":{"line":36,"column":0},"end":{"line":36,"column":4}},"36":{"start":{"line":37,"column":0},"end":{"line":37,"column":4}},"37":{"start":{"line":38,"column":0},"end":{"line":38,"column":42}},"38":{"start":{"line":39,"column":0},"end":{"line":39,"column":30}},"39":{"start":{"line":40,"column":0},"end":{"line":40,"column":45}},"40":{"start":{"line":41,"column":0},"end":{"line":41,"column":29}},"41":{"start":{"line":42,"column":0},"end":{"line":42,"column":42}},"42":{"start":{"line":43,"column":0},"end":{"line":43,"column":57}},"43":{"start":{"line":44,"column":0},"end":{"line":44,"column":6}},"44":{"start":{"line":45,"column":0},"end":{"line":45,"column":27}},"45":{"start":{"line":46,"column":0},"end":{"line":46,"column":10}},"46":{"start":{"line":47,"column":0},"end":{"line":47,"column":4}},"47":{"start":{"line":48,"column":0},"end":{"line":48,"column":25}},"48":{"start":{"line":49,"column":0},"end":{"line":49,"column":3}},"49":{"start":{"line":50,"column":0},"end":{"line":50,"column":11}},"50":{"start":{"line":51,"column":0},"end":{"line":51,"column":1}}},"s":{"0":1,"1":1,"2":1,"3":1,"4":1,"5":1,"6":1,"7":1,"8":1,"9":1,"10":1,"11":1,"12":1,"13":1,"14":1,"15":1,"16":1,"17":1,"18":1,"19":1,"20":1,"21":1,"22":1,"23":9,"24":9,"25":9,"26":9,"27":9,"28":9,"29":9,"30":4,"31":4,"32":3,"33":4,"34":1,"35":1,"36":9,"37":9,"38":3,"39":2,"40":2,"41":2,"42":2,"43":2,"44":2,"45":2,"46":2,"47":1,"48":1,"49":9,"50":9},"branchMap":{"0":{"type":"branch","line":24,"loc":{"start":{"line":24,"column":0},"end":{"line":51,"column":1}},"locations":[{"start":{"line":24,"column":0},"end":{"line":51,"column":1}}]},"1":{"type":"branch","line":30,"loc":{"start":{"line":30,"column":2},"end":{"line":37,"column":3}},"locations":[{"start":{"line":30,"column":2},"end":{"line":37,"column":3}}]},"2":{"type":"branch","line":31,"loc":{"start":{"line":31,"column":62},"end":{"line":31,"column":76}},"locations":[{"start":{"line":31,"column":62},"end":{"line":31,"column":76}}]},"3":{"type":"branch","line":31,"loc":{"start":{"line":31,"column":77},"end":{"line":31,"column":84}},"locations":[{"start":{"line":31,"column":77},"end":{"line":31,"column":84}}]},"4":{"type":"branch","line":32,"loc":{"start":{"line":32,"column":14},"end":{"line":34,"column":10}},"locations":[{"start":{"line":32,"column":14},"end":{"line":34,"column":10}}]},"5":{"type":"branch","line":34,"loc":{"start":{"line":34,"column":4},"end":{"line":36,"column":4}},"locations":[{"start":{"line":34,"column":4},"end":{"line":36,"column":4}}]},"6":{"type":"branch","line":38,"loc":{"start":{"line":38,"column":2},"end":{"line":49,"column":3}},"locations":[{"start":{"line":38,"column":2},"end":{"line":49,"column":3}}]},"7":{"type":"branch","line":39,"loc":{"start":{"line":39,"column":29},"end":{"line":47,"column":4}},"locations":[{"start":{"line":39,"column":29},"end":{"line":47,"column":4}}]},"8":{"type":"branch","line":48,"loc":{"start":{"line":48,"column":-2},"end":{"line":49,"column":3}},"locations":[{"start":{"line":48,"column":-2},"end":{"line":49,"column":3}}]},"9":{"type":"branch","line":41,"loc":{"start":{"line":41,"column":18},"end":{"line":44,"column":5}},"locations":[{"start":{"line":41,"column":18},"end":{"line":44,"column":5}}]},"10":{"type":"branch","line":42,"loc":{"start":{"line":42,"column":23},"end":{"line":42,"column":41}},"locations":[{"start":{"line":42,"column":23},"end":{"line":42,"column":41}}]}},"b":{"0":[9],"1":[4],"2":[1],"3":[3],"4":[3],"5":[1],"6":[3],"7":[2],"8":[1],"9":[2],"10":[1]},"fnMap":{"0":{"name":"useSetState","decl":{"start":{"line":24,"column":0},"end":{"line":51,"column":1}},"loc":{"start":{"line":24,"column":0},"end":{"line":51,"column":1}},"line":24}},"f":{"0":9}}
,"C:\\RUIHUA\\npm\\0hook\\src\\useUpdate\\index.ts": {"path":"C:\\RUIHUA\\npm\\0hook\\src\\useUpdate\\index.ts","all":false,"statementMap":{"0":{"start":{"line":1,"column":0},"end":{"line":1,"column":46}},"1":{"start":{"line":2,"column":0},"end":{"line":2,"column":0}},"2":{"start":{"line":3,"column":0},"end":{"line":3,"column":3}},"3":{"start":{"line":4,"column":0},"end":{"line":4,"column":19}},"4":{"start":{"line":5,"column":0},"end":{"line":5,"column":27}},"5":{"start":{"line":6,"column":0},"end":{"line":6,"column":22}},"6":{"start":{"line":7,"column":0},"end":{"line":7,"column":3}},"7":{"start":{"line":8,"column":0},"end":{"line":8,"column":32}},"8":{"start":{"line":9,"column":0},"end":{"line":9,"column":34}},"9":{"start":{"line":10,"column":0},"end":{"line":10,"column":0}},"10":{"start":{"line":11,"column":0},"end":{"line":11,"column":43}},"11":{"start":{"line":12,"column":0},"end":{"line":12,"column":1}}},"s":{"0":1,"1":1,"2":1,"3":1,"4":1,"5":1,"6":1,"7":1,"8":1,"9":1,"10":1,"11":1},"branchMap":{"0":{"type":"branch","line":8,"loc":{"start":{"line":8,"column":25},"end":{"line":12,"column":1}},"locations":[{"start":{"line":8,"column":25},"end":{"line":12,"column":1}}]},"1":{"type":"branch","line":11,"loc":{"start":{"line":11,"column":20},"end":{"line":11,"column":37}},"locations":[{"start":{"line":11,"column":20},"end":{"line":11,"column":37}}]}},"b":{"0":[1],"1":[1]},"fnMap":{"0":{"name":"useUpdate","decl":{"start":{"line":8,"column":25},"end":{"line":12,"column":1}},"loc":{"start":{"line":8,"column":25},"end":{"line":12,"column":1}},"line":8}},"f":{"0":1}}
}
