TN:
SF:src\useBoolean\index.ts
FN:10,useBoolean
FNF:1
FNH:1
FNDA:4,useBoolean
DA:1,1
DA:2,1
DA:3,1
DA:4,1
DA:5,1
DA:6,1
DA:7,1
DA:8,1
DA:9,1
DA:10,4
DA:11,4
DA:12,4
DA:13,4
DA:14,4
DA:15,4
DA:16,4
DA:17,4
LF:17
LH:17
BRDA:10,0,0,4
BRDA:15,1,0,3
BRDA:15,2,0,3
BRDA:15,3,0,1
BRDA:15,4,0,2
BRF:5
BRH:5
end_of_record
TN:
SF:src\useCount\index.ts
FN:12,getTargetValue
FN:31,useCount
FN:36,setState
FNF:3
FNH:3
FNDA:22,getTargetValue
FNDA:13,useCount
FNDA:9,setState
DA:1,1
DA:2,1
DA:3,1
DA:4,1
DA:5,1
DA:6,1
DA:7,1
DA:8,1
DA:9,1
DA:10,1
DA:11,1
DA:12,22
DA:13,22
DA:14,22
DA:15,22
DA:16,22
DA:17,22
DA:18,22
DA:19,22
DA:20,22
DA:21,22
DA:22,22
DA:23,1
DA:24,1
DA:25,1
DA:26,1
DA:27,1
DA:28,1
DA:29,1
DA:30,1
DA:31,13
DA:32,13
DA:33,13
DA:34,13
DA:35,13
DA:36,13
DA:37,9
DA:38,6
DA:39,6
DA:40,6
DA:41,6
DA:42,3
DA:43,3
DA:44,3
DA:45,13
DA:46,13
DA:47,13
LF:47
LH:47
BRDA:12,0,0,22
BRDA:31,1,0,13
BRDA:36,2,0,9
BRDA:37,3,0,6
BRDA:42,4,0,3
BRF:5
BRH:5
end_of_record
TN:
SF:src\useObject\index.ts
FN:37,useObject
FN:39,getInitialValue
FN:43,setObject
FN:47,set
FN:54,remove
FN:62,reset
FNF:6
FNH:6
FNDA:12,useObject
FNDA:8,getInitialValue
FNDA:1,setObject
FNDA:5,set
FNDA:1,remove
FNDA:3,reset
DA:1,1
DA:2,1
DA:3,1
DA:4,1
DA:5,1
DA:6,1
DA:7,1
DA:8,1
DA:9,1
DA:10,1
DA:11,1
DA:12,1
DA:13,1
DA:14,1
DA:15,1
DA:16,1
DA:17,1
DA:18,1
DA:19,1
DA:20,1
DA:21,1
DA:22,1
DA:23,1
DA:24,1
DA:25,1
DA:26,1
DA:27,1
DA:28,1
DA:29,1
DA:30,1
DA:31,1
DA:32,1
DA:33,1
DA:34,1
DA:35,1
DA:36,1
DA:37,12
DA:38,12
DA:39,12
DA:40,12
DA:41,12
DA:42,12
DA:43,12
DA:44,1
DA:45,1
DA:46,12
DA:47,12
DA:48,5
DA:49,4
DA:50,4
DA:51,4
DA:52,4
DA:53,12
DA:54,12
DA:55,1
DA:56,1
DA:57,1
DA:58,1
DA:59,1
DA:60,1
DA:61,12
DA:62,12
DA:63,3
DA:64,2
DA:65,2
DA:66,12
DA:67,12
DA:68,12
DA:69,12
DA:70,12
DA:71,12
DA:72,12
DA:73,12
DA:74,12
DA:75,12
LF:75
LH:75
BRDA:37,0,0,12
BRDA:39,1,0,8
BRDA:39,2,0,1
BRDA:41,3,0,4
BRDA:43,4,0,1
BRDA:47,5,0,5
BRDA:48,6,0,4
BRDA:48,7,0,1
BRDA:49,8,0,4
BRDA:54,9,0,1
BRDA:62,10,0,3
BRDA:63,11,0,2
BRDA:63,12,0,1
BRDA:64,13,0,2
BRF:14
BRH:14
end_of_record
TN:
SF:src\useSetState\index.tsx
FN:24,useSetState
FNF:1
FNH:1
FNDA:9,useSetState
DA:1,1
DA:2,1
DA:3,1
DA:4,1
DA:5,1
DA:6,1
DA:7,1
DA:8,1
DA:9,1
DA:10,1
DA:11,1
DA:12,1
DA:13,1
DA:14,1
DA:15,1
DA:16,1
DA:17,1
DA:18,1
DA:19,1
DA:20,1
DA:21,1
DA:22,1
DA:23,1
DA:24,9
DA:25,9
DA:26,9
DA:27,9
DA:28,9
DA:29,9
DA:30,9
DA:31,4
DA:32,4
DA:33,3
DA:34,4
DA:35,1
DA:36,1
DA:37,9
DA:38,9
DA:39,3
DA:40,2
DA:41,2
DA:42,2
DA:43,2
DA:44,2
DA:45,2
DA:46,2
DA:47,2
DA:48,1
DA:49,1
DA:50,9
DA:51,9
LF:51
LH:51
BRDA:24,0,0,9
BRDA:30,1,0,4
BRDA:31,2,0,1
BRDA:31,3,0,3
BRDA:32,4,0,3
BRDA:34,5,0,1
BRDA:38,6,0,3
BRDA:39,7,0,2
BRDA:48,8,0,1
BRDA:41,9,0,2
BRDA:42,10,0,1
BRF:11
BRH:11
end_of_record
TN:
SF:src\useUpdate\index.ts
FN:8,useUpdate
FNF:1
FNH:1
FNDA:1,useUpdate
DA:1,1
DA:2,1
DA:3,1
DA:4,1
DA:5,1
DA:6,1
DA:7,1
DA:8,1
DA:9,1
DA:10,1
DA:11,1
DA:12,1
LF:12
LH:12
BRDA:8,0,0,1
BRDA:11,1,0,1
BRF:2
BRH:2
end_of_record
